#
# There is insufficient memory for the Java Runtime Environment to continue.
# Native memory allocation (mmap) failed to map 262144 bytes for committing reserved memory.
# Possible reasons:
#   The system is out of physical RAM or swap space
#   The process is running with CompressedOops enabled, and the Java Heap may be blocking the growth of the native heap
# Possible solutions:
#   Reduce memory load on the system
#   Increase physical memory or swap space
#   Check if swap backing store is full
#   Decrease Java heap size (-Xmx/-Xms)
#   Decrease number of Java threads
#   Decrease Java thread stack sizes (-Xss)
#   Set larger code cache with -XX:ReservedCodeCacheSize=
#   JVM is running with Unscaled Compressed Oops mode in which the Java heap is
#     placed in the first 4GB address space. The Java Heap base address is the
#     maximum limit for the native heap growth. Please use -XX:HeapBaseMinAddress
#     to set the Java Heap base and to place the Java Heap above 4GB virtual address.
# This output file may be truncated or incomplete.
#
#  Out of Memory Error (os_linux.cpp:2798), pid=5969, tid=0x00007f25e2339700
#
# JRE version: OpenJDK Runtime Environment (8.0_282-b08) (build 1.8.0_282-8u282-b08-0ubuntu1~16.04-b08)
# Java VM: OpenJDK 64-Bit Server VM (25.282-b08 mixed mode linux-amd64 compressed oops)
# Failed to write core dump. Core dumps have been disabled. To enable core dumping, try "ulimit -c unlimited" before starting Java again
#

---------------  T H R E A D  ---------------

Current thread (0x00007f25d8015000):  JavaThread "main" [_thread_in_vm, id=5988, stack(0x00007f25e2239000,0x00007f25e233a000)]

Stack: [0x00007f25e2239000,0x00007f25e233a000],  sp=0x00007f25e2336940,  free space=1014k
Native frames: (J=compiled Java code, j=interpreted, Vv=VM code, C=native code)
V  [libjvm.so+0xb1e03b]
V  [libjvm.so+0x4e00cc]
V  [libjvm.so+0x95b568]
V  [libjvm.so+0x9533ee]
V  [libjvm.so+0xb1a754]
V  [libjvm.so+0x8c7375]
V  [libjvm.so+0x8c757f]
V  [libjvm.so+0x8c88cb]
V  [libjvm.so+0x8c8a43]
V  [libjvm.so+0x8c9edb]
V  [libjvm.so+0x8ca14b]
V  [libjvm.so+0x4df3e5]
V  [libjvm.so+0x9f9509]
V  [libjvm.so+0x9f9e5d]
V  [libjvm.so+0x648a32]
V  [libjvm.so+0x6492b2]
V  [libjvm.so+0x648ed4]
V  [libjvm.so+0x64f9af]
V  [libjvm.so+0x64ff30]
V  [libjvm.so+0x67ede3]
j  scala.collection.mutable.MapLike.toSeq()Lscala/collection/Seq;+0
j  scala.collection.mutable.MapLike.toSeq$(Lscala/collection/mutable/MapLike;)Lscala/collection/Seq;+1
j  scala.collection.mutable.AbstractMap.toSeq()Lscala/collection/Seq;+1
j  scala.sys.package$.env()Lscala/collection/immutable/Map;+18
j  org.apache.spark.util.Utils$.<init>()V+100
j  org.apache.spark.util.Utils$.<clinit>()V+3
v  ~StubRoutines::call_stub
V  [libjvm.so+0x6927c0]
V  [libjvm.so+0x64f6e7]
V  [libjvm.so+0x64fc12]
V  [libjvm.so+0x64ff30]
V  [libjvm.so+0x815e25]
V  [libjvm.so+0x8160a5]
V  [libjvm.so+0x682cc1]
j  org.apache.spark.internal.Logging$.<init>()V+39
j  org.apache.spark.internal.Logging$.<clinit>()V+3
v  ~StubRoutines::call_stub
V  [libjvm.so+0x6927c0]
V  [libjvm.so+0x64f6e7]
V  [libjvm.so+0x64fc12]
V  [libjvm.so+0x64ff30]
V  [libjvm.so+0x815e25]
V  [libjvm.so+0x8160a5]
V  [libjvm.so+0x682cc1]
j  org.apache.spark.internal.Logging.initializeLogIfNecessary(ZZ)Z+0
j  org.apache.spark.internal.Logging.initializeLogIfNecessary$(Lorg/apache/spark/internal/Logging;ZZ)Z+3
j  org.apache.spark.deploy.SparkSubmit.initializeLogIfNecessary(ZZ)Z+3
j  org.apache.spark.deploy.SparkSubmit.doSubmit([Ljava/lang/String;)V+3
j  org.apache.spark.deploy.SparkSubmit$$anon$2.doSubmit([Ljava/lang/String;)V+2
j  org.apache.spark.deploy.SparkSubmit$.main([Ljava/lang/String;)V+10
j  org.apache.spark.deploy.SparkSubmit.main([Ljava/lang/String;)V+4
v  ~StubRoutines::call_stub
V  [libjvm.so+0x6927c0]
V  [libjvm.so+0x70fd0e]
V  [libjvm.so+0x71263f]
C  [libjli.so+0x356a]
C  [libjli.so+0x757d]
C  [libpthread.so.0+0x76ba]  start_thread+0xca

Java frames: (J=compiled Java code, j=interpreted, Vv=VM code)
j  scala.collection.mutable.MapLike.toSeq()Lscala/collection/Seq;+0
j  scala.collection.mutable.MapLike.toSeq$(Lscala/collection/mutable/MapLike;)Lscala/collection/Seq;+1
j  scala.collection.mutable.AbstractMap.toSeq()Lscala/collection/Seq;+1
j  scala.sys.package$.env()Lscala/collection/immutable/Map;+18
j  org.apache.spark.util.Utils$.<init>()V+100
j  org.apache.spark.util.Utils$.<clinit>()V+3
v  ~StubRoutines::call_stub
j  org.apache.spark.internal.Logging$.<init>()V+39
j  org.apache.spark.internal.Logging$.<clinit>()V+3
v  ~StubRoutines::call_stub
j  org.apache.spark.internal.Logging.initializeLogIfNecessary(ZZ)Z+0
j  org.apache.spark.internal.Logging.initializeLogIfNecessary$(Lorg/apache/spark/internal/Logging;ZZ)Z+3
j  org.apache.spark.deploy.SparkSubmit.initializeLogIfNecessary(ZZ)Z+3
j  org.apache.spark.deploy.SparkSubmit.doSubmit([Ljava/lang/String;)V+3
j  org.apache.spark.deploy.SparkSubmit$$anon$2.doSubmit([Ljava/lang/String;)V+2
j  org.apache.spark.deploy.SparkSubmit$.main([Ljava/lang/String;)V+10
j  org.apache.spark.deploy.SparkSubmit.main([Ljava/lang/String;)V+4
v  ~StubRoutines::call_stub

---------------  P R O C E S S  ---------------

Java Threads: ( => current thread )
  0x00007f25d80c1800 JavaThread "Service Thread" daemon [_thread_blocked, id=5995, stack(0x00007f25dc9b2000,0x00007f25dcab3000)]
  0x00007f25d80be800 JavaThread "C1 CompilerThread1" daemon [_thread_blocked, id=5994, stack(0x00007f25dcab3000,0x00007f25dcbb4000)]
  0x00007f25d80bc000 JavaThread "C2 CompilerThread0" daemon [_thread_blocked, id=5993, stack(0x00007f25dcbb4000,0x00007f25dccb5000)]
  0x00007f25d80b9000 JavaThread "Signal Dispatcher" daemon [_thread_blocked, id=5992, stack(0x00007f25dccb5000,0x00007f25dcdb6000)]
  0x00007f25d8087800 JavaThread "Finalizer" daemon [_thread_blocked, id=5991, stack(0x00007f25dd775000,0x00007f25dd876000)]
  0x00007f25d8083000 JavaThread "Reference Handler" daemon [_thread_blocked, id=5990, stack(0x00007f25dd876000,0x00007f25dd977000)]
=>0x00007f25d8015000 JavaThread "main" [_thread_in_vm, id=5988, stack(0x00007f25e2239000,0x00007f25e233a000)]

Other Threads:
  0x00007f25d8079800 VMThread [stack: 0x00007f25dd977000,0x00007f25dda78000] [id=5989]
  0x00007f25d80c4800 WatcherThread [stack: 0x00007f25dc8b1000,0x00007f25dc9b2000] [id=5996]

VM state:not at safepoint (normal execution)

VM Mutex/Monitor currently owned by a thread: None

heap address: 0x00000000c0000000, size: 1024 MB, Compressed Oops mode: 32-bit
Narrow klass base: 0x0000000000000000, Narrow klass shift: 3
Compressed class space size: 1073741824 Address: 0x0000000100000000

Heap:
 def new generation   total 19008K, used 3678K [0x00000000c0000000, 0x00000000c14a0000, 0x00000000d5550000)
  eden space 16896K,   9% used [0x00000000c0000000, 0x00000000c01a4540, 0x00000000c1080000)
  from space 2112K,  94% used [0x00000000c1080000, 0x00000000c12732d8, 0x00000000c1290000)
  to   space 2112K,   0% used [0x00000000c1290000, 0x00000000c1290000, 0x00000000c14a0000)
 tenured generation   total 42368K, used 2559K [0x00000000d5550000, 0x00000000d7eb0000, 0x0000000100000000)
   the space 42368K,   6% used [0x00000000d5550000, 0x00000000d57cff88, 0x00000000d57d0000, 0x00000000d7eb0000)
 Metaspace       used 8463K, capacity 8790K, committed 8960K, reserved 1056768K
  class space    used 1067K, capacity 1170K, committed 1280K, reserved 1048576K

Card table byte_map: [0x00007f25de615000,0x00007f25de816000] byte_map_base: 0x00007f25de015000

Polling page: 0x00007f25e2353000

CodeCache: size=245760Kb used=2430Kb max_used=2431Kb free=243329Kb
 bounds [0x00007f25c9000000, 0x00007f25c9270000, 0x00007f25d8000000]
 total_blobs=857 nmethods=561 adapters=210
 compilation: enabled

Compilation events (10 events):
Event: 3,229 Thread 0x00007f25d80be800  557   !   3       java.lang.ref.Finalizer::remove (94 bytes)
Event: 3,229 Thread 0x00007f25d80be800 nmethod 557 0x00007f25c925e490 code [0x00007f25c925e620, 0x00007f25c925eaf0]
Event: 3,229 Thread 0x00007f25d80be800  558       3       java.lang.System$2::invokeFinalize (5 bytes)
Event: 3,230 Thread 0x00007f25d80be800 nmethod 558 0x00007f25c925ee50 code [0x00007f25c925efc0, 0x00007f25c925f1c0]
Event: 3,230 Thread 0x00007f25d80be800  559       3       java.lang.ref.Reference::clear (6 bytes)
Event: 3,230 Thread 0x00007f25d80be800 nmethod 559 0x00007f25c925e150 code [0x00007f25c925e2a0, 0x00007f25c925e410]
Event: 3,230 Thread 0x00007f25d80be800  560       3       java.util.zip.ZipFile$ZipFileInflaterInputStream::finalize (5 bytes)
Event: 3,230 Thread 0x00007f25d80be800 nmethod 560 0x00007f25c925ddd0 code [0x00007f25c925df40, 0x00007f25c925e0c0]
Event: 3,230 Thread 0x00007f25d80be800  561       3       java.util.zip.ZipFile$ZipFileInputStream::finalize (5 bytes)
Event: 3,230 Thread 0x00007f25d80be800 nmethod 561 0x00007f25c925da50 code [0x00007f25c925dbc0, 0x00007f25c925dd40]

GC Heap History (4 events):
Event: 1,386 GC heap before
{Heap before GC invocations=0 (full 0):
 def new generation   total 19008K, used 16896K [0x00000000c0000000, 0x00000000c14a0000, 0x00000000d5550000)
  eden space 16896K, 100% used [0x00000000c0000000, 0x00000000c1080000, 0x00000000c1080000)
  from space 2112K,   0% used [0x00000000c1080000, 0x00000000c1080000, 0x00000000c1290000)
  to   space 2112K,   0% used [0x00000000c1290000, 0x00000000c1290000, 0x00000000c14a0000)
 tenured generation   total 42368K, used 0K [0x00000000d5550000, 0x00000000d7eb0000, 0x0000000100000000)
   the space 42368K,   0% used [0x00000000d5550000, 0x00000000d5550000, 0x00000000d5550200, 0x00000000d7eb0000)
 Metaspace       used 4280K, capacity 5644K, committed 5888K, reserved 1056768K
  class space    used 370K, capacity 456K, committed 512K, reserved 1048576K
Event: 1,441 GC heap after
Heap after GC invocations=1 (full 0):
 def new generation   total 19008K, used 2112K [0x00000000c0000000, 0x00000000c14a0000, 0x00000000d5550000)
  eden space 16896K,   0% used [0x00000000c0000000, 0x00000000c0000000, 0x00000000c1080000)
  from space 2112K, 100% used [0x00000000c1290000, 0x00000000c14a0000, 0x00000000c14a0000)
  to   space 2112K,   0% used [0x00000000c1080000, 0x00000000c1080000, 0x00000000c1290000)
 tenured generation   total 42368K, used 968K [0x00000000d5550000, 0x00000000d7eb0000, 0x0000000100000000)
   the space 42368K,   2% used [0x00000000d5550000, 0x00000000d56420f0, 0x00000000d5642200, 0x00000000d7eb0000)
 Metaspace       used 4280K, capacity 5644K, committed 5888K, reserved 1056768K
  class space    used 370K, capacity 456K, committed 512K, reserved 1048576K
}
Event: 3,150 GC heap before
{Heap before GC invocations=1 (full 0):
 def new generation   total 19008K, used 19008K [0x00000000c0000000, 0x00000000c14a0000, 0x00000000d5550000)
  eden space 16896K, 100% used [0x00000000c0000000, 0x00000000c1080000, 0x00000000c1080000)
  from space 2112K, 100% used [0x00000000c1290000, 0x00000000c14a0000, 0x00000000c14a0000)
  to   space 2112K,   0% used [0x00000000c1080000, 0x00000000c1080000, 0x00000000c1290000)
 tenured generation   total 42368K, used 968K [0x00000000d5550000, 0x00000000d7eb0000, 0x0000000100000000)
   the space 42368K,   2% used [0x00000000d5550000, 0x00000000d56420f0, 0x00000000d5642200, 0x00000000d7eb0000)
 Metaspace       used 8121K, capacity 8528K, committed 8576K, reserved 1056768K
  class space    used 1029K, capacity 1105K, committed 1152K, reserved 1048576K
Event: 3,158 GC heap after
Heap after GC invocations=2 (full 0):
 def new generation   total 19008K, used 1996K [0x00000000c0000000, 0x00000000c14a0000, 0x00000000d5550000)
  eden space 16896K,   0% used [0x00000000c0000000, 0x00000000c0000000, 0x00000000c1080000)
  from space 2112K,  94% used [0x00000000c1080000, 0x00000000c12732d8, 0x00000000c1290000)
  to   space 2112K,   0% used [0x00000000c1290000, 0x00000000c1290000, 0x00000000c14a0000)
 tenured generation   total 42368K, used 2559K [0x00000000d5550000, 0x00000000d7eb0000, 0x0000000100000000)
   the space 42368K,   6% used [0x00000000d5550000, 0x00000000d57cff88, 0x00000000d57d0000, 0x00000000d7eb0000)
 Metaspace       used 8121K, capacity 8528K, committed 8576K, reserved 1056768K
  class space    used 1029K, capacity 1105K, committed 1152K, reserved 1048576K
}

Deoptimization events (2 events):
Event: 0,572 Thread 0x00007f25d8015000 Uncommon trap: reason=unstable_if action=reinterpret pc=0x00007f25c9111244 method=java.lang.String.hashCode()I @ 14
Event: 0,605 Thread 0x00007f25d8015000 Uncommon trap: reason=unstable_if action=reinterpret pc=0x00007f25c91115f4 method=java.lang.String.indexOf(II)I @ 49

Classes redefined (0 events):
No events

Internal exceptions (10 events):
Event: 0,899 Thread 0x00007f25d8015000 Exception <a 'java/security/PrivilegedActionException'> (0x00000000c0a221c8) thrown at [/build/openjdk-8-KGCybj/openjdk-8-8u282-b08/src/hotspot/src/share/vm/prims/jvm.cpp, line 1523]
Event: 0,899 Thread 0x00007f25d8015000 Exception <a 'java/security/PrivilegedActionException'> (0x00000000c0a223d8) thrown at [/build/openjdk-8-KGCybj/openjdk-8-8u282-b08/src/hotspot/src/share/vm/prims/jvm.cpp, line 1523]
Event: 0,900 Thread 0x00007f25d8015000 Exception <a 'java/security/PrivilegedActionException'> (0x00000000c0a27178) thrown at [/build/openjdk-8-KGCybj/openjdk-8-8u282-b08/src/hotspot/src/share/vm/prims/jvm.cpp, line 1523]
Event: 0,900 Thread 0x00007f25d8015000 Exception <a 'java/security/PrivilegedActionException'> (0x00000000c0a27388) thrown at [/build/openjdk-8-KGCybj/openjdk-8-8u282-b08/src/hotspot/src/share/vm/prims/jvm.cpp, line 1523]
Event: 0,900 Thread 0x00007f25d8015000 Exception <a 'java/security/PrivilegedActionException'> (0x00000000c0a28170) thrown at [/build/openjdk-8-KGCybj/openjdk-8-8u282-b08/src/hotspot/src/share/vm/prims/jvm.cpp, line 1523]
Event: 0,900 Thread 0x00007f25d8015000 Exception <a 'java/security/PrivilegedActionException'> (0x00000000c0a28380) thrown at [/build/openjdk-8-KGCybj/openjdk-8-8u282-b08/src/hotspot/src/share/vm/prims/jvm.cpp, line 1523]
Event: 2,015 Thread 0x00007f25d8015000 Exception <a 'java/lang/NoSuchFieldError': method resolution failed> (0x00000000c01f0df8) thrown at [/build/openjdk-8-KGCybj/openjdk-8-8u282-b08/src/hotspot/src/share/vm/prims/methodHandles.cpp, line 1169]
Event: 2,027 Thread 0x00007f25d8015000 Exception <a 'java/lang/NoSuchFieldError': method resolution failed> (0x00000000c01fe228) thrown at [/build/openjdk-8-KGCybj/openjdk-8-8u282-b08/src/hotspot/src/share/vm/prims/methodHandles.cpp, line 1169]
Event: 2,065 Thread 0x00007f25d8015000 Exception <a 'java/lang/NoSuchMethodError': java.lang.Object.$anonfun$exitFn$1(I)V> (0x00000000c0227bf8) thrown at [/build/openjdk-8-KGCybj/openjdk-8-8u282-b08/src/hotspot/src/share/vm/interpreter/linkResolver.cpp, line 620]
Event: 3,194 Thread 0x00007f25d8015000 Exception <a 'java/lang/NoSuchMethodError': java.lang.Object.$anonfun$mapAsScalaMapConverter$1(Lscala/collection/convert/DecorateAsScala;Ljava/util/Map;)Lscala/collection/mutable/Map;> (0x00000000c00f6f48) thrown at [/build/openjdk-8-KGCybj/openjdk-8-8u28

Events (10 events):
Event: 3,203 loading class scala/collection/mutable/Seq$
Event: 3,203 loading class scala/collection/mutable/Seq$ done
Event: 3,230 loading class scala/collection/mutable/Buffer$
Event: 3,230 loading class scala/collection/mutable/Buffer$ done
Event: 3,232 loading class scala/collection/mutable/IndexedSeqView
Event: 3,232 loading class scala/collection/mutable/IndexedSeqView done
Event: 3,274 loading class scala/collection/mutable/IndexedSeq$
Event: 3,274 loading class scala/collection/mutable/IndexedSeq$ done
Event: 3,275 loading class scala/collection/mutable/ResizableArray$
Event: 3,275 loading class scala/collection/mutable/ResizableArray$ done


Dynamic libraries:
c0000000-c14a0000 rw-p 00000000 00:00 0 
c14a0000-d5550000 ---p 00000000 00:00 0 
d5550000-d7eb0000 rw-p 00000000 00:00 0 
d7eb0000-100000000 ---p 00000000 00:00 0 
100000000-100140000 rw-p 00000000 00:00 0 
100140000-140000000 ---p 00000000 00:00 0 
558143484000-558143485000 r-xp 00000000 08:01 1065596                    /usr/lib/jvm/java-8-openjdk-amd64/jre/bin/java
558143684000-558143685000 r--p 00000000 08:01 1065596                    /usr/lib/jvm/java-8-openjdk-amd64/jre/bin/java
558143685000-558143686000 rw-p 00001000 08:01 1065596                    /usr/lib/jvm/java-8-openjdk-amd64/jre/bin/java
5581438f6000-558143938000 rw-p 00000000 00:00 0                          [heap]
7f25ac000000-7f25ac250000 rw-p 00000000 00:00 0 
7f25ac250000-7f25b0000000 ---p 00000000 00:00 0 
7f25b0000000-7f25b0021000 rw-p 00000000 00:00 0 
7f25b0021000-7f25b4000000 ---p 00000000 00:00 0 
7f25b4000000-7f25b4021000 rw-p 00000000 00:00 0 
7f25b4021000-7f25b8000000 ---p 00000000 00:00 0 
7f25b8000000-7f25b8176000 rw-p 00000000 00:00 0 
7f25b8176000-7f25bc000000 ---p 00000000 00:00 0 
7f25bc000000-7f25bc021000 rw-p 00000000 00:00 0 
7f25bc021000-7f25c0000000 ---p 00000000 00:00 0 
7f25c0000000-7f25c0021000 rw-p 00000000 00:00 0 
7f25c0021000-7f25c4000000 ---p 00000000 00:00 0 
7f25c4000000-7f25c4021000 rw-p 00000000 00:00 0 
7f25c4021000-7f25c8000000 ---p 00000000 00:00 0 
7f25c89c3000-7f25c89cc000 r--s 0006f000 08:01 1068486                    /home/artem/.local/lib/python2.7/site-packages/pyspark/jars/log4j-1.2.17.jar
7f25c89cc000-7f25c89e3000 r--s 002fd000 08:01 1068485                    /home/artem/.local/lib/python2.7/site-packages/pyspark/jars/cats-kernel_2.12-2.0.0-M4.jar
7f25c89e3000-7f25c89e6000 r--s 0001e000 08:01 1068484                    /home/artem/.local/lib/python2.7/site-packages/pyspark/jars/aircompressor-0.10.jar
7f25c89e6000-7f25c89e7000 r--s 00003000 08:01 1068483                    /home/artem/.local/lib/python2.7/site-packages/pyspark/jars/transaction-api-1.1.jar
7f25c89e7000-7f25c89eb000 r--s 0003e000 08:01 1068482                    /home/artem/.local/lib/python2.7/site-packages/pyspark/jars/jline-2.14.6.jar
7f25c89eb000-7f25c89f8000 r--s 00083000 08:01 1068481                    /home/artem/.local/lib/python2.7/site-packages/pyspark/jars/commons-collections-3.2.2.jar
7f25c89f8000-7f25c89f9000 r--s 00005000 08:01 1068480                    /home/artem/.local/lib/python2.7/site-packages/pyspark/jars/metrics-jvm-4.1.1.jar
7f25c89f9000-7f25c89ff000 r--s 00043000 08:01 1068478                    /home/artem/.local/lib/python2.7/site-packages/pyspark/jars/commons-configuration-1.6.jar
7f25c89ff000-7f25c8a07000 r--s 0003b000 08:01 1068477                    /home/artem/.local/lib/python2.7/site-packages/pyspark/jars/curator-recipes-2.7.1.jar
7f25c8a07000-7f25c8a0b000 r--s 00052000 08:01 1068476                    /home/artem/.local/lib/python2.7/site-packages/pyspark/jars/json4s-scalap_2.12-3.6.6.jar
7f25c8a0b000-7f25c8a0c000 r--s 00001000 08:01 1068475                    /home/artem/.local/lib/python2.7/site-packages/pyspark/jars/minlog-1.3.0.jar
7f25c8a0c000-7f25c8a0f000 r--s 0000e000 08:01 1068474                    /home/artem/.local/lib/python2.7/site-packages/pyspark/jars/jackson-annotations-2.10.0.jar
7f25c8a0f000-7f25c8a14000 r--s 00012000 08:01 1068473                    /home/artem/.local/lib/python2.7/site-packages/pyspark/jars/jakarta.validation-api-2.0.2.jar
7f25c8a14000-7f25c8a1c000 r--s 00049000 08:01 1068472                    /home/artem/.local/lib/python2.7/site-packages/pyspark/jars/httpcore-4.4.12.jar
7f25c8a1c000-7f25c8a2a000 r--s 000d5000 08:01 1068471                    /home/artem/.local/lib/python2.7/site-packages/pyspark/jars/janino-3.0.16.jar
7f25c8a2a000-7f25c8a2b000 r--s 00004000 08:01 1068470                    /home/artem/.local/lib/python2.7/site-packages/pyspark/jars/jackson-jaxrs-1.9.13.jar
7f25c8a2b000-7f25c8a2e000 r--s 00016000 08:01 1068469                    /home/artem/.local/lib/python2.7/site-packages/pyspark/jars/jsp-api-2.1.jar
7f25c8a2e000-7f25c8a33000 r--s 00037000 08:01 1068468                    /home/artem/.local/lib/python2.7/site-packages/pyspark/jars/jersey-client-2.30.jar
7f25c8a33000-7f25c8a35000 r--s 00005000 08:01 1068479                    /home/artem/.local/lib/python2.7/site-packages/pyspark/jars/istack-commons-runtime-3.0.8.jar
7f25c8a35000-7f25c8a39000 r--s 00019000 08:01 1068518                    /home/artem/.local/lib/python2.7/site-packages/pyspark/jars/jakarta.xml.bind-api-2.3.2.jar
7f25c8a39000-7f25c8a4e000 r--s 000e3000 08:01 1068467                    /home/artem/.local/lib/python2.7/site-packages/pyspark/jars/jaxb-runtime-2.3.2.jar
7f25c8a4e000-7f25c8a51000 r--s 001de000 08:01 1068466                    /home/artem/.local/lib/python2.7/site-packages/pyspark/jars/snappy-java-1.1.8.2.jar
7f25c8a51000-7f25c8abb000 r--s 0078d000 08:01 1068465                    /home/artem/.local/lib/python2.7/site-packages/pyspark/jars/hadoop-hdfs-2.7.4.jar
7f25c8abb000-7f25c8abd000 r--s 00009000 08:01 1068464                    /home/artem/.local/lib/python2.7/site-packages/pyspark/jars/commons-cli-1.2.jar
7f25c8abd000-7f25c8ad6000 r--s 0013a000 08:01 1068463                    /home/artem/.local/lib/python2.7/site-packages/pyspark/jars/xercesImpl-2.12.0.jar
7f25c8ad6000-7f25c8ada000 r--s 00036000 08:01 1068462                    /home/artem/.local/lib/python2.7/site-packages/pyspark/jars/threeten-extra-1.5.0.jar
7f25c8ada000-7f25c8af2000 r--s 00105000 08:01 1068461                    /home/artem/.local/lib/python2.7/site-packages/pyspark/jars/jersey-common-2.30.jar
7f25c8af2000-7f25c8af6000 r--s 00015000 08:01 1068460                    /home/artem/.local/lib/python2.7/site-packages/pyspark/jars/xz-1.5.jar
7f25c8af6000-7f25c8b0f000 r--s 00150000 08:01 1068459                    /home/artem/.local/lib/python2.7/site-packages/pyspark/jars/htrace-core-3.1.0-incubating.jar
7f25c8b0f000-7f25c8b50000 r--s 006c0000 08:01 1068458                    /home/artem/.local/lib/python2.7/site-packages/pyspark/jars/mesos-1.4.0-shaded-protobuf.jar
7f25c8b50000-7f25c8b52000 r--s 0000d000 08:01 1068457                    /home/artem/.local/lib/python2.7/site-packages/pyspark/jars/hadoop-yarn-server-web-proxy-2.7.4.jar
7f25c8b52000-7f25c8ba2000 r--s 009de000 08:01 1068456                    /home/artem/.local/lib/python2.7/site-packages/pyspark/jars/scala-compiler-2.12.10.jar
7f25c8ba2000-7f25c8ba5000 r--s 00015000 08:01 1068455                    /home/artem/.local/lib/python2.7/site-packages/pyspark/jars/commons-pool-1.5.4.jar
7f25c8ba5000-7f25c8bb3000 r--s 000b0000 08:01 1068454                    /home/artem/.local/lib/python2.7/site-packages/pyspark/jars/kubernetes-client-4.9.2.jar
7f25c8bb3000-7f25c8bb4000 r--s 00004000 08:01 1068453                    /home/artem/.local/lib/python2.7/site-packages/pyspark/jars/flatbuffers-java-1.9.0.jar
7f25c8bb4000-7f25c8bc4000 r--s 0008d000 08:01 1068452                    /home/artem/.local/lib/python2.7/site-packages/pyspark/jars/joda-time-2.10.5.jar
7f25c8bc4000-7f25c8bc7000 r--s 00017000 08:01 1068451                    /home/artem/.local/lib/python2.7/site-packages/pyspark/jars/jaxb-api-2.2.2.jar
7f25c8bc7000-7f25c8bc8000 r--s 00003000 08:01 1068450                    /home/artem/.local/lib/python2.7/site-packages/pyspark/jars/xmlenc-0.52.jar
7f25c8bc8000-7f25c8bd6000 r--s 000a3000 08:01 1068449                    /home/artem/.local/lib/python2.7/site-packages/pyspark/jars/parquet-format-2.4.0.jar
7f25c8bd6000-7f25c8bdb000 r--s 0002a000 08:01 1068447                    /home/artem/.local/lib/python2.7/site-packages/pyspark/jars/gson-2.2.4.jar
7f25c8bdb000-7f25c8ccf000 r--s 00a68000 08:01 1068446                    /home/artem/.local/lib/python2.7/site-packages/pyspark/jars/kubernetes-model-4.9.2.jar
7f25c8ccf000-7f25c8cd6000 r--s 0003f000 08:01 1068445                    /home/artem/.local/lib/python2.7/site-packages/pyspark/jars/commons-codec-1.10.jar
7f25c8cd6000-7f25c8cd9000 r--s 00026000 08:01 1068444                    /home/artem/.local/lib/python2.7/site-packages/pyspark/jars/hadoop-yarn-client-2.7.4.jar
7f25c8cd9000-7f25c8ce6000 r--s 000af000 08:01 1068443                    /home/artem/.local/lib/python2.7/site-packages/pyspark/jars/httpclient-4.5.6.jar
7f25c8ce6000-7f25c8cf8000 r--s 000ce000 08:01 1068442                    /home/artem/.local/lib/python2.7/site-packages/pyspark/jars/hive-serde-2.3.7.jar
7f25c8cf8000-7f25c8d1c000 r--s 001cd000 08:01 1068441                    /home/artem/.local/lib/python2.7/site-packages/pyspark/jars/commons-math3-3.4.1.jar
7f25c8d1c000-7f25c8d32000 r--s 001bc000 08:01 1068440                    /home/artem/.local/lib/python2.7/site-packages/pyspark/jars/datanucleus-rdbms-4.1.19.jar
7f25c8d32000-7f25c8d3a000 r--s 00058000 08:01 1068439                    /home/artem/.local/lib/python2.7/site-packages/pyspark/jars/velocity-1.5.jar
7f25c8d3a000-7f25c8d44000 r--s 000bd000 08:01 1068438                    /home/artem/.local/lib/python2.7/site-packages/pyspark/jars/orc-core-1.5.10.jar
7f25c8d44000-7f25c8d52000 r--s 000b1000 08:01 1068437                    /home/artem/.local/lib/python2.7/site-packages/pyspark/jars/jackson-mapper-asl-1.9.13.jar
7f25c8d52000-7f25c8d75000 r--s 001da000 08:01 1068436                    /home/artem/.local/lib/python2.7/site-packages/pyspark/jars/spark-hive-thriftserver_2.12-3.0.2.jar
7f25c8d75000-7f25c8db2000 r--s 00561000 08:01 1068435                    /home/artem/.local/lib/python2.7/site-packages/pyspark/jars/spark-mllib_2.12-3.0.2.jar
7f25c8db2000-7f25c8db6000 r--s 0002a000 08:01 1068433                    /home/artem/.local/lib/python2.7/site-packages/pyspark/jars/commons-io-2.4.jar
7f25c8db6000-7f25c8dbd000 r--s 0004c000 08:01 1068432                    /home/artem/.local/lib/python2.7/site-packages/pyspark/jars/antlr4-runtime-4.7.1.jar
7f25c8dbd000-7f25c8dc0000 r--s 0009c000 08:01 1068431                    /home/artem/.local/lib/python2.7/site-packages/pyspark/jars/lz4-java-1.7.1.jar
7f25c8dc0000-7f25c8dd6000 r--s 00141000 08:01 1068430                    /home/artem/.local/lib/python2.7/site-packages/pyspark/jars/jackson-databind-2.10.0.jar
7f25c8dd6000-7f25c8e09000 r--s 006a8000 08:01 1068429                    /home/artem/.local/lib/python2.7/site-packages/pyspark/jars/spire_2.12-0.17.0-M1.jar
7f25c8e09000-7f25c8e13000 r--s 0007b000 08:01 1068428                    /home/artem/.local/lib/python2.7/site-packages/pyspark/jars/hadoop-mapreduce-client-app-2.7.4.jar
7f25c8e13000-7f25c8e14000 r--s 00002000 08:01 1068427                    /home/artem/.local/lib/python2.7/site-packages/pyspark/jars/spark-tags_2.12-3.0.2-tests.jar
7f25c8e14000-7f25c8e15000 r--s 00004000 08:01 1068426                    /home/artem/.local/lib/python2.7/site-packages/pyspark/jars/jetty-sslengine-6.1.26.jar
7f25c8e15000-7f25c8e1b000 r--s 00063000 08:01 1068425                    /home/artem/.local/lib/python2.7/site-packages/pyspark/jars/jodd-core-3.5.2.jar
7f25c8e1b000-7f25c8e1e000 r--s 0001f000 08:01 1068424                    /home/artem/.local/lib/python2.7/site-packages/pyspark/jars/HikariCP-2.5.1.jar
7f25c8e1e000-7f25c8e20000 r--s 0000a000 08:01 1068423                    /home/artem/.local/lib/python2.7/site-packages/pyspark/jars/jackson-dataformat-yaml-2.10.0.jar
7f25c8e20000-7f25c8e22000 r--s 0000e000 08:01 1068422                    /home/artem/.local/lib/python2.7/site-packages/pyspark/jars/hadoop-mapreduce-client-jobclient-2.7.4.jar
7f25c8e22000-7f25c8e2f000 r--s 000b1000 08:01 1068421                    /home/artem/.local/lib/python2.7/site-packages/pyspark/jars/hadoop-mapreduce-client-common-2.7.4.jar
7f25c8e2f000-7f25c8e33000 r--s 00045000 08:01 1068420                    /home/artem/.local/lib/python2.7/site-packages/pyspark/jars/spark-mesos_2.12-3.0.2.jar
7f25c8e33000-7f25c8e38000 r--s 00041000 08:01 1068419                    /home/artem/.local/lib/python2.7/site-packages/pyspark/jars/commons-lang-2.6.jar
7f25c8e38000-7f25c8e3a000 r--s 0000f000 08:01 1068418                    /home/artem/.local/lib/python2.7/site-packages/pyspark/jars/curator-client-2.7.1.jar
7f25c8e3a000-7f25c8e69000 r--s 002e5000 08:01 1068417                    /home/artem/.local/lib/python2.7/site-packages/pyspark/jars/derby-10.12.1.1.jar
7f25c8e69000-7f25c8e6f000 r--s 0004a000 08:01 1068416                    /home/artem/.local/lib/python2.7/site-packages/pyspark/jars/hive-llap-common-2.3.7.jar
7f25c8e6f000-7f25c8e75000 r--s 00044000 08:01 1068415                    /home/artem/.local/lib/python2.7/site-packages/pyspark/jars/snakeyaml-1.24.jar
7f25c8e75000-7f25c8e8e000 r--s 000f4000 08:01 1068414                    /home/artem/.local/lib/python2.7/site-packages/pyspark/jars/parquet-column-1.10.1.jar
7f25c8e8e000-7f25c8e90000 r--s 00005000 08:01 1068413                    /home/artem/.local/lib/python2.7/site-packages/pyspark/jars/jakarta.annotation-api-1.3.5.jar
7f25c8e90000-7f25c8e91000 r--s 00004000 08:01 1068412                    /home/artem/.local/lib/python2.7/site-packages/pyspark/jars/jakarta.inject-2.6.1.jar
7f25c8e91000-7f25c8e93000 r--s 00011000 08:01 1068411                    /home/artem/.local/lib/python2.7/site-packages/pyspark/jars/spark-launcher_2.12-3.0.2.jar
7f25c8e93000-7f25c8e94000 r--s 00003000 08:01 1068410                    /home/artem/.local/lib/python2.7/site-packages/pyspark/jars/spark-tags_2.12-3.0.2.jar
7f25c8e94000-7f25c8e99000 r--s 00083000 08:01 1068409                    /home/artem/.local/lib/python2.7/site-packages/pyspark/jars/scala-xml_2.12-1.2.0.jar
7f25c8e99000-7f25c8e9b000 r--s 00010000 08:01 1068408                    /home/artem/.local/lib/python2.7/site-packages/pyspark/jars/hadoop-mapreduce-client-shuffle-2.7.4.jar
7f25c8e9b000-7f25c8ea0000 r--s 00027000 08:01 1068407                    /home/artem/.local/lib/python2.7/site-packages/pyspark/jars/automaton-1.11-8.jar
7f25c8ea0000-7f25c8ed7000 r--s 00320000 08:01 1068406                    /home/artem/.local/lib/python2.7/site-packages/pyspark/jars/hadoop-common-2.7.4.jar
7f25c8ed7000-7f25c8ed9000 r--s 00011000 08:01 1068405                    /home/artem/.local/lib/python2.7/site-packages/pyspark/jars/jersey-hk2-2.30.jar
7f25c8ed9000-7f25c8eea000 r--s 0014e000 08:01 1068404                    /home/artem/.local/lib/python2.7/site-packages/pyspark/jars/arrow-vector-0.15.1.jar
7f25c8eea000-7f25c8ef0000 r--s 00070000 08:01 1068403                    /home/artem/.local/lib/python2.7/site-packages/pyspark/jars/json4s-core_2.12-3.6.6.jar
7f25c8ef0000-7f25c8ef2000 r--s 00005000 08:01 1068402                    /home/artem/.local/lib/python2.7/site-packages/pyspark/jars/aopalliance-repackaged-2.6.1.jar
7f25c8ef2000-7f25c8ef4000 r--s 00001000 08:01 1068400                    /home/artem/.local/lib/python2.7/site-packages/pyspark/jars/spire-platform_2.12-0.17.0-M1.jar
7f25c8ef4000-7f25c8f07000 r--s 000d0000 08:01 1068399                    /home/artem/.local/lib/python2.7/site-packages/pyspark/jars/jersey-server-2.30.jar
7f25c8f07000-7f25c8f3f000 r--s 004d1000 08:01 1068398                    /home/artem/.local/lib/python2.7/site-packages/pyspark/jars/scala-library-2.12.10.jar
7f25c8f3f000-7f25c8f41000 r--s 00009000 08:01 1068397                    /home/artem/.local/lib/python2.7/site-packages/pyspark/jars/slf4j-api-1.7.30.jar
7f25c8f41000-7f25c8f42000 r--s 00000000 08:01 1068396                    /home/artem/.local/lib/python2.7/site-packages/pyspark/jars/shims-0.7.45.jar
7f25c8f42000-7f25c8f44000 r--s 00012000 08:01 1068395                    /home/artem/.local/lib/python2.7/site-packages/pyspark/jars/spire-macros_2.12-0.17.0-M1.jar
7f25c8f44000-7f25c8f4a000 r--s 0002c000 08:01 1068394                    /home/artem/.local/lib/python2.7/site-packages/pyspark/jars/jdo-api-3.0.1.jar
7f25c8f4a000-7f25c8f55000 r--s 000b4000 08:01 1068393                    /home/artem/.local/lib/python2.7/site-packages/pyspark/jars/javassist-3.25.0-GA.jar
7f25c8f55000-7f25c8f64000 r--s 00111000 08:01 1068392                    /home/artem/.local/lib/python2.7/site-packages/pyspark/jars/JTransforms-3.1.jar
7f25c8f64000-7f25c8f67000 r--s 00026000 08:01 1068391                    /home/artem/.local/lib/python2.7/site-packages/pyspark/jars/commons-crypto-1.1.0.jar
7f25c8f67000-7f25c8f69000 r--s 00002000 08:01 1068390                    /home/artem/.local/lib/python2.7/site-packages/pyspark/jars/hive-shims-scheduler-2.3.7.jar
7f25c8f69000-7f25c8f6f000 r--s 00045000 08:01 1068389                    /home/artem/.local/lib/python2.7/site-packages/pyspark/jars/commons-httpclient-3.1.jar
7f25c8f6f000-7f25c8f71000 r--s 00013000 08:01 1068388                    /home/artem/.local/lib/python2.7/site-packages/pyspark/jars/jersey-media-jaxb-2.30.jar
7f25c8f71000-7f25c8f75000 r--s 00035000 08:01 1068387                    /home/artem/.local/lib/python2.7/site-packages/pyspark/jars/jackson-core-asl-1.9.13.jar
7f25c8f75000-7f25c8fb6000 r--s 00693000 08:01 1068386                    /home/artem/.local/lib/python2.7/site-packages/pyspark/jars/spark-sql_2.12-3.0.2.jar
7f25c8fb6000-7f25c8fb8000 r--s 0000e000 08:01 1068385                    /home/artem/.local/lib/python2.7/site-packages/pyspark/jars/commons-logging-1.1.3.jar
7f25c8fb8000-7f25c8fbd000 r--s 0002c000 08:01 1068384                    /home/artem/.local/lib/python2.7/site-packages/pyspark/jars/commons-text-1.6.jar
7f25c8fbd000-7f25c8fbf000 r--s 0000e000 08:01 1068383                    /home/artem/.local/lib/python2.7/site-packages/pyspark/jars/guice-servlet-3.0.jar
7f25c8fbf000-7f25c8fcc000 r--s 000d2000 08:01 1068382                    /home/artem/.local/lib/python2.7/site-packages/pyspark/jars/zookeeper-3.4.14.jar
7f25c8fcc000-7f25c8fd1000 r--s 000a5000 08:01 1068381                    /home/artem/.local/lib/python2.7/site-packages/pyspark/jars/spark-hive_2.12-3.0.2.jar
7f25c8fd1000-7f25c8fd3000 r--s 00012000 08:01 1068380                    /home/artem/.local/lib/python2.7/site-packages/pyspark/jars/compress-lzf-1.0.3.jar
7f25c8fd3000-7f25c8fdc000 r--s 00064000 08:01 1068375                    /home/artem/.local/lib/python2.7/site-packages/pyspark/jars/univocity-parsers-2.9.0.jar
7f25c8fdc000-7f25c9000000 r--s 0035f000 08:01 1068368                    /home/artem/.local/lib/python2.7/site-packages/pyspark/jars/scala-reflect-2.12.10.jar
7f25c9000000-7f25c9270000 rwxp 00000000 00:00 0 
7f25c9270000-7f25d8000000 ---p 00000000 00:00 0 
7f25d8000000-7f25da6ba000 rw-p 00000000 00:00 0 
7f25da6ba000-7f25dc000000 ---p 00000000 00:00 0 
7f25dc000000-7f25dc003000 r--s 00015000 08:01 1068379                    /home/artem/.local/lib/python2.7/site-packages/pyspark/jars/javax.servlet-api-3.1.0.jar
7f25dc003000-7f25dc004000 r--s 00008000 08:01 1068378                    /home/artem/.local/lib/python2.7/site-packages/pyspark/jars/spire-util_2.12-0.17.0-M1.jar
7f25dc004000-7f25dc008000 r--s 00035000 08:01 1068377                    /home/artem/.local/lib/python2.7/site-packages/pyspark/jars/JLargeArrays-1.5.jar
7f25dc008000-7f25dc00a000 r--s 00007000 08:01 1068374                    /home/artem/.local/lib/python2.7/site-packages/pyspark/jars/jackson-module-jaxb-annotations-2.10.0.jar
7f25dc00a000-7f25dc010000 r--s 00028000 08:01 1068373                    /home/artem/.local/lib/python2.7/site-packages/pyspark/jars/curator-framework-2.7.1.jar
7f25dc010000-7f25dc012000 r--s 0000d000 08:01 1068372                    /home/artem/.local/lib/python2.7/site-packages/pyspark/jars/spark-kvstore_2.12-3.0.2.jar
7f25dc012000-7f25dc017000 r--s 0003e000 08:01 1068371                    /home/artem/.local/lib/python2.7/site-packages/pyspark/jars/commons-net-3.1.jar
7f25dc017000-7f25dc01e000 r--s 0007d000 08:01 1068370                    /home/artem/.local/lib/python2.7/site-packages/pyspark/jars/jetty-6.1.26.jar
7f25dc01e000-7f25dc01f000 r--s 00000000 08:01 1068369                    /home/artem/.local/lib/python2.7/site-packages/pyspark/jars/kubernetes-model-common-4.9.2.jar
7f25dc01f000-7f25dc022000 r--s 000fd000 08:01 1068366                    /home/artem/.local/lib/python2.7/site-packages/pyspark/jars/leveldbjni-all-1.8.jar
7f25dc022000-7f25dc026000 r--s 00028000 08:01 1068365                    /home/artem/.local/lib/python2.7/site-packages/pyspark/jars/jetty-util-6.1.26.jar
7f25dc026000-7f25dc027000 r--s 0000a000 08:01 1068364                    /home/artem/.local/lib/python2.7/site-packages/pyspark/jars/apacheds-i18n-2.0.0-M15.jar
7f25dc027000-7f25dc055000 r--s 0021c000 08:01 1068363                    /home/artem/.local/lib/python2.7/site-packages/pyspark/jars/spark-network-common_2.12-3.0.2.jar
7f25dc055000-7f25dc059000 r--s 00014000 08:01 1068362                    /home/artem/.local/lib/python2.7/site-packages/pyspark/jars/parquet-common-1.10.1.jar
7f25dc059000-7f25dc05e000 r--s 00055000 08:01 1068361                    /home/artem/.local/lib/python2.7/site-packages/pyspark/jars/datanucleus-api-jdo-4.2.4.jar
7f25dc05e000-7f25dc08f000 r--s 002e7000 08:01 1068360                    /home/artem/.local/lib/python2.7/site-packages/pyspark/jars/shapeless_2.12-2.3.3.jar
7f25dc08f000-7f25dc0a8000 r--s 001d4000 08:01 1068359                    /home/artem/.local/lib/python2.7/site-packages/pyspark/jars/datanucleus-core-4.1.17.jar
7f25dc0a8000-7f25dc0ab000 r--s 0000b000 08:01 1068358                    /home/artem/.local/lib/python2.7/site-packages/pyspark/jars/objenesis-2.5.1.jar
7f25dc0ab000-7f25dc0ad000 r--s 00003000 08:01 1068357                    /home/artem/.local/lib/python2.7/site-packages/pyspark/jars/metrics-json-4.1.1.jar
7f25dc0ad000-7f25dc13f000 r--s 0073f000 08:01 1068356                    /home/artem/.local/lib/python2.7/site-packages/pyspark/jars/hive-metastore-2.3.7.jar
7f25dc13f000-7f25dc141000 r--s 00003000 08:01 1068355                    /home/artem/.local/lib/python2.7/site-packages/pyspark/jars/jcl-over-slf4j-1.7.30.jar
7f25dc141000-7f25dc143000 r--s 00000000 08:01 1068354                    /home/artem/.local/lib/python2.7/site-packages/pyspark/jars/jul-to-slf4j-1.7.30.jar
7f25dc143000-7f25dc14c000 r--s 0002d000 08:01 1068353                    /home/artem/.local/lib/python2.7/site-packages/pyspark/jars/xml-apis-1.4.01.jar
7f25dc14c000-7f25dc17d000 rw-p 00000000 00:00 0 
7f25dc17d000-7f25dc195000 r-xp 00000000 08:01 1065503                    /usr/lib/jvm/java-8-openjdk-amd64/jre/lib/amd64/libnet.so
7f25dc195000-7f25dc394000 ---p 00018000 08:01 1065503                    /usr/lib/jvm/java-8-openjdk-amd64/jre/lib/amd64/libnet.so
7f25dc394000-7f25dc395000 r--p 00017000 08:01 1065503                    /usr/lib/jvm/java-8-openjdk-amd64/jre/lib/amd64/libnet.so
7f25dc395000-7f25dc396000 rw-p 00018000 08:01 1065503                    /usr/lib/jvm/java-8-openjdk-amd64/jre/lib/amd64/libnet.so
7f25dc396000-7f25dc3a8000 r-xp 00000000 08:01 1065495                    /usr/lib/jvm/java-8-openjdk-amd64/jre/lib/amd64/libnio.so
7f25dc3a8000-7f25dc5a7000 ---p 00012000 08:01 1065495                    /usr/lib/jvm/java-8-openjdk-amd64/jre/lib/amd64/libnio.so
7f25dc5a7000-7f25dc5a8000 r--p 00011000 08:01 1065495                    /usr/lib/jvm/java-8-openjdk-amd64/jre/lib/amd64/libnio.so
7f25dc5a8000-7f25dc5a9000 rw-p 00012000 08:01 1065495                    /usr/lib/jvm/java-8-openjdk-amd64/jre/lib/amd64/libnio.so
7f25dc5a9000-7f25dc609000 r--s 0090d000 08:01 1068352                    /home/artem/.local/lib/python2.7/site-packages/pyspark/jars/spark-core_2.12-3.0.2.jar
7f25dc609000-7f25dc60a000 r--s 00003000 08:01 1068351                    /home/artem/.local/lib/python2.7/site-packages/pyspark/jars/generex-1.0.2.jar
7f25dc60a000-7f25dc619000 r--s 0009f000 08:01 1068350                    /home/artem/.local/lib/python2.7/site-packages/pyspark/jars/guice-3.0.jar
7f25dc619000-7f25dc61b000 r--s 00012000 08:01 1068349                    /home/artem/.local/lib/python2.7/site-packages/pyspark/jars/api-util-1.0.0-M20.jar
7f25dc61b000-7f25dc637000 r--s 001d6000 08:01 1068348                    /home/artem/.local/lib/python2.7/site-packages/pyspark/jars/hadoop-yarn-api-2.7.4.jar
7f25dc637000-7f25dc638000 r--s 00000000 08:01 1068347                    /home/artem/.local/lib/python2.7/site-packages/pyspark/jars/javax.inject-1.jar
7f25dc638000-7f25dc67f000 r--s 003af000 08:01 1068346                    /home/artem/.local/lib/python2.7/site-packages/pyspark/jars/netty-all-4.1.47.Final.jar
7f25dc67f000-7f25dc683000 r--s 00058000 08:01 1068345                    /home/artem/.local/lib/python2.7/site-packages/pyspark/jars/spark-kubernetes_2.12-3.0.2.jar
7f25dc683000-7f25dc684000 r--s 00006000 08:01 1068344                    /home/artem/.local/lib/python2.7/site-packages/pyspark/jars/hadoop-client-2.7.4.jar
7f25dc684000-7f25dc687000 r--s 00026000 08:01 1068343                    /home/artem/.local/lib/python2.7/site-packages/pyspark/jars/antlr-runtime-3.5.2.jar
7f25dc687000-7f25dc689000 r--s 0000b000 08:01 1068342                    /home/artem/.local/lib/python2.7/site-packages/pyspark/jars/spark-unsafe_2.12-3.0.2.jar
7f25dc689000-7f25dc68b000 r--s 00018000 08:01 1068341                    /home/artem/.local/lib/python2.7/site-packages/pyspark/jars/arrow-memory-0.15.1.jar
7f25dc68b000-7f25dc69f000 r--s 000ec000 08:01 1068340                    /home/artem/.local/lib/python2.7/site-packages/pyspark/jars/parquet-jackson-1.10.1.jar
7f25dc69f000-7f25dc6a1000 r--s 00013000 08:01 1068339                    /home/artem/.local/lib/python2.7/site-packages/pyspark/jars/json4s-ast_2.12-3.6.6.jar
7f25dc6a1000-7f25dc6a4000 r--s 00017000 08:01 1068338                    /home/artem/.local/lib/python2.7/site-packages/pyspark/jars/jackson-datatype-jsr310-2.10.3.jar
7f25dc6a4000-7f25dc6a8000 r--s 00036000 08:01 1068337                    /home/artem/.local/lib/python2.7/site-packages/pyspark/jars/hive-storage-api-2.7.1.jar
7f25dc6a8000-7f25dc6aa000 r--s 00402000 08:01 1068336                    /home/artem/.local/lib/python2.7/site-packages/pyspark/jars/zstd-jni-1.4.4-3.jar
7f25dc6aa000-7f25dc6bc000 r--s 00112000 08:01 1068335                    /home/artem/.local/lib/python2.7/site-packages/pyspark/jars/arpack_combined_all-0.1.jar
7f25dc6bc000-7f25dc6dd000 r--s 0015c000 08:01 1068334                    /home/artem/.local/lib/python2.7/site-packages/pyspark/jars/avro-1.8.2.jar
7f25dc6dd000-7f25dc6e0000 r--s 0001e000 08:01 1068333                    /home/artem/.local/lib/python2.7/site-packages/pyspark/jars/avro-ipc-1.8.2.jar
7f25dc6e0000-7f25dc6e4000 r--s 0002a000 08:01 1068332                    /home/artem/.local/lib/python2.7/site-packages/pyspark/jars/avro-mapred-1.8.2-hadoop2.jar
7f25dc6e4000-7f25dc6ea000 r--s 00037000 08:01 1068331                    /home/artem/.local/lib/python2.7/site-packages/pyspark/jars/libthrift-0.12.0.jar
7f25dc6ea000-7f25dc6f2000 r--s 0007b000 08:01 1068330                    /home/artem/.local/lib/python2.7/site-packages/pyspark/jars/protobuf-java-2.5.0.jar
7f25dc6f2000-7f25dc6f9000 r--s 0004d000 08:01 1068329                    /home/artem/.local/lib/python2.7/site-packages/pyspark/jars/jackson-module-scala_2.12-2.10.0.jar
7f25dc6f9000-7f25dc6fb000 r--s 00006000 08:01 1068328                    /home/artem/.local/lib/python2.7/site-packages/pyspark/jars/spark-sketch_2.12-3.0.2.jar
7f25dc6fb000-7f25dc6fd000 r--s 0000e000 08:01 1068327                    /home/artem/.local/lib/python2.7/site-packages/pyspark/jars/arrow-format-0.15.1.jar
7f25dc6fd000-7f25dc6fe000 r--s 00002000 08:01 1068326                    /home/artem/.local/lib/python2.7/site-packages/pyspark/jars/jpam-1.1.jar
7f25dc6fe000-7f25dc702000 r--s 0001d000 08:01 1068325                    /home/artem/.local/lib/python2.7/site-packages/pyspark/jars/hk2-utils-2.6.1.jar
7f25dc702000-7f25dc707000 r--s 0002c000 08:01 1068324                    /home/artem/.local/lib/python2.7/site-packages/pyspark/jars/hk2-api-2.6.1.jar
7f25dc707000-7f25dc70a000 r--s 00019000 08:01 1068323                    /home/artem/.local/lib/python2.7/site-packages/pyspark/jars/scala-collection-compat_2.12-2.1.1.jar
7f25dc70a000-7f25dc711000 r--s 00046000 08:01 1068322                    /home/artem/.local/lib/python2.7/site-packages/pyspark/jars/libfb303-0.9.3.jar
7f25dc711000-7f25dc713000 r--s 00009000 08:01 1068321                    /home/artem/.local/lib/python2.7/site-packages/pyspark/jars/jakarta.activation-api-1.2.1.jar
7f25dc713000-7f25dc714000 r--s 00006000 08:01 1068320                    /home/artem/.local/lib/python2.7/site-packages/pyspark/jars/orc-shims-1.5.10.jar
7f25dc714000-7f25dc717000 r--s 00019000 08:01 1068319                    /home/artem/.local/lib/python2.7/site-packages/pyspark/jars/bonecp-0.8.0.RELEASE.jar
7f25dc717000-7f25dc71b000 r--s 00028000 08:01 1068318                    /home/artem/.local/lib/python2.7/site-packages/pyspark/jars/stream-2.9.6.jar
7f25dc71b000-7f25dc733000 r--s 00183000 08:01 1068317                    /home/artem/.local/lib/python2.7/site-packages/pyspark/jars/hadoop-yarn-common-2.7.4.jar
7f25dc733000-7f25dc73f000 r--s 0008f000 08:01 1068316                    /home/artem/.local/lib/python2.7/site-packages/pyspark/jars/commons-compress-1.20.jar
7f25dc73f000-7f25dc740000 r--s 00004000 08:01 1068315                    /home/artem/.local/lib/python2.7/site-packages/pyspark/jars/opencsv-2.3.jar
7f25dc740000-7f25dc748000 r--s 0005d000 08:01 1068314                    /home/artem/.local/lib/python2.7/site-packages/pyspark/jars/kryo-shaded-4.0.2.jar
7f25dc748000-7f25dc749000 r--s 0000c000 08:01 1068313                    /home/artem/.local/lib/python2.7/site-packages/pyspark/jars/spark-repl_2.12-3.0.2.jar
7f25dc749000-7f25dc74e000 r--s 00051000 08:01 1068312                    /home/artem/.local/lib/python2.7/site-packages/pyspark/jars/jackson-core-2.10.0.jar
7f25dc74e000-7f25dc7b1000 r--s 00897000 08:01 1068311                    /home/artem/.local/lib/python2.7/site-packages/pyspark/jars/spark-catalyst_2.12-3.0.2.jar
7f25dc7b1000-7f25dc7b8000 r--s 00058000 08:01 1068310                    /home/artem/.local/lib/python2.7/site-packages/pyspark/jars/hadoop-yarn-server-common-2.7.4.jar
7f25dc7b8000-7f25dc7bd000 r--s 00065000 08:01 1068309                    /home/artem/.local/lib/python2.7/site-packages/pyspark/jars/spark-graphx_2.12-3.0.2.jar
7f25dc7bd000-7f25dc7bf000 r--s 00002000 08:01 1068308                    /home/artem/.local/lib/python2.7/site-packages/pyspark/jars/logging-interceptor-3.12.6.jar
7f25dc7bf000-7f25dc7c2000 r--s 00017000 08:01 1068307                    /home/artem/.local/lib/python2.7/site-packages/pyspark/jars/metrics-core-4.1.1.jar
7f25dc7c2000-7f25dc7c7000 r--s 00038000 08:01 1068306                    /home/artem/.local/lib/python2.7/site-packages/pyspark/jars/commons-beanutils-1.9.4.jar
7f25dc7c7000-7f25dc7cb000 r--s 0004e000 08:01 1068305                    /home/artem/.local/lib/python2.7/site-packages/pyspark/jars/spark-yarn_2.12-3.0.2.jar
7f25dc7cb000-7f25dc7e4000 r--s 00164000 08:01 1068304                    /home/artem/.local/lib/python2.7/site-packages/pyspark/jars/hadoop-mapreduce-client-core-2.7.4.jar
7f25dc7e4000-7f25dc7e6000 r--s 00004000 08:01 1068303                    /home/artem/.local/lib/python2.7/site-packages/pyspark/jars/stax-api-1.0-2.jar
7f25dc7e6000-7f25dc7ec000 r--s 00062000 08:01 1068302                    /home/artem/.local/lib/python2.7/site-packages/pyspark/jars/okhttp-3.12.6.jar
7f25dc7ec000-7f25dc7ef000 r--s 00031000 08:01 1068301                    /home/artem/.local/lib/python2.7/site-packages/pyspark/jars/chill_2.12-0.9.5.jar
7f25dc7ef000-7f25dc7f3000 r--s 0002e000 08:01 1068300                    /home/artem/.local/lib/python2.7/site-packages/pyspark/jars/hk2-locator-2.6.1.jar
7f25dc7f3000-7f25dc7f9000 r--s 00037000 08:01 1068299                    /home/artem/.local/lib/python2.7/site-packages/pyspark/jars/javax.jdo-3.2.0-m3.jar
7f25dc7f9000-7f25dc7fb000 r--s 00000000 08:01 1068298                    /home/artem/.local/lib/python2.7/site-packages/pyspark/jars/aopalliance-1.0.jar
7f25dc7fb000-7f25dc7fe000 r--s 0000f000 08:01 1068297                    /home/artem/.local/lib/python2.7/site-packages/pyspark/jars/commons-compiler-3.0.16.jar
7f25dc7fe000-7f25dc800000 r--s 0000c000 08:01 1068296                    /home/artem/.local/lib/python2.7/site-packages/pyspark/jars/hive-shims-0.23-2.3.7.jar
7f25dc800000-7f25dc802000 r--s 0001a000 08:01 1068295                    /home/artem/.local/lib/python2.7/site-packages/pyspark/jars/spark-mllib-local_2.12-3.0.2.jar
7f25dc802000-7f25dc804000 r--s 00009000 08:01 1068294                    /home/artem/.local/lib/python2.7/site-packages/pyspark/jars/hadoop-annotations-2.7.4.jar
7f25dc804000-7f25dc808000 r--s 00041000 08:01 1068293                    /home/artem/.local/lib/python2.7/site-packages/pyspark/jars/xbean-asm7-shaded-4.15.jar
7f25dc808000-7f25dc811000 r--s 00073000 08:01 1068291                    /home/artem/.local/lib/python2.7/site-packages/pyspark/jars/commons-lang3-3.9.jar
7f25dc811000-7f25dc815000 r--s 00020000 08:01 1068290                    /home/artem/.local/lib/python2.7/site-packages/pyspark/jars/commons-digester-1.8.jar
7f25dc815000-7f25dc820000 r--s 0010b000 08:01 1068289                    /home/artem/.local/lib/python2.7/site-packages/pyspark/jars/spark-streaming_2.12-3.0.2.jar
7f25dc820000-7f25dc823000 r--s 00006000 08:01 1068288                    /home/artem/.local/lib/python2.7/site-packages/pyspark/jars/jsr305-3.0.0.jar
7f25dc823000-7f25dc825000 r--s 00003000 08:01 1068287                    /home/artem/.local/lib/python2.7/site-packages/pyspark/jars/api-asn1-api-1.0.0-M20.jar
7f25dc825000-7f25dc84e000 r--s 001ee000 08:01 1068286                    /home/artem/.local/lib/python2.7/site-packages/pyspark/jars/guava-14.0.1.jar
7f25dc84e000-7f25dc852000 r--s 00036000 08:01 1068282                    /home/artem/.local/lib/python2.7/site-packages/pyspark/jars/ST4-4.0.4.jar
7f25dc852000-7f25dc864000 r--s 00097000 08:01 1068281                    /home/artem/.local/lib/python2.7/site-packages/pyspark/jars/apacheds-kerberos-codec-2.0.0-M15.jar
7f25dc864000-7f25dc870000 r--s 00112000 08:01 1068280                    /home/artem/.local/lib/python2.7/site-packages/pyspark/jars/algebra_2.12-2.0.0-M2.jar
7f25dc870000-7f25dc87b000 r--s 00116000 08:01 1065517                    /usr/lib/jvm/java-8-openjdk-amd64/jre/lib/ext/localedata.jar
7f25dc87b000-7f25dc896000 r--s 001d6000 08:01 1065518                    /usr/lib/jvm/java-8-openjdk-amd64/jre/lib/ext/nashorn.jar
7f25dc896000-7f25dc8b1000 r--s 00394000 08:01 1065523                    /usr/lib/jvm/java-8-openjdk-amd64/jre/lib/ext/cldrdata.jar
7f25dc8b1000-7f25dc8b2000 ---p 00000000 00:00 0 
7f25dc8b2000-7f25dc9b2000 rw-p 00000000 00:00 0 
7f25dc9b2000-7f25dc9b5000 ---p 00000000 00:00 0 
7f25dc9b5000-7f25dcab3000 rw-p 00000000 00:00 0 
7f25dcab3000-7f25dcab6000 ---p 00000000 00:00 0 
7f25dcab6000-7f25dcbb4000 rw-p 00000000 00:00 0 
7f25dcbb4000-7f25dcbb7000 ---p 00000000 00:00 0 
7f25dcbb7000-7f25dccb5000 rw-p 00000000 00:00 0 
7f25dccb5000-7f25dccb8000 ---p 00000000 00:00 0 
7f25dccb8000-7f25dcdb6000 rw-p 00000000 00:00 0 
7f25dcdb6000-7f25dd775000 r--p 00000000 08:01 7093                       /usr/lib/locale/locale-archive
7f25dd775000-7f25dd778000 ---p 00000000 00:00 0 
7f25dd778000-7f25dd876000 rw-p 00000000 00:00 0 
7f25dd876000-7f25dd879000 ---p 00000000 00:00 0 
7f25dd879000-7f25dd977000 rw-p 00000000 00:00 0 
7f25dd977000-7f25dd978000 ---p 00000000 00:00 0 
7f25dd978000-7f25dda78000 rw-p 00000000 00:00 0 
7f25dda78000-7f25ddc49000 r--s 03c97000 08:01 1065562                    /usr/lib/jvm/java-8-openjdk-amd64/jre/lib/rt.jar
7f25ddc49000-7f25de43f000 rw-p 00000000 00:00 0 
7f25de47f000-7f25de4bf000 ---p 00000000 00:00 0 
7f25de4bf000-7f25de4d4000 rw-p 00000000 00:00 0 
7f25de4d4000-7f25de615000 ---p 00000000 00:00 0 
7f25de615000-7f25de620000 rw-p 00000000 00:00 0 
7f25de620000-7f25de6bf000 ---p 00000000 00:00 0 
7f25de6bf000-7f25de6d5000 rw-p 00000000 00:00 0 
7f25de6d5000-7f25de815000 ---p 00000000 00:00 0 
7f25de815000-7f25de820000 rw-p 00000000 00:00 0 
7f25de820000-7f25debd6000 ---p 00000000 00:00 0 
7f25debd6000-7f25debde000 r-xp 00000000 08:01 1065480                    /usr/lib/jvm/java-8-openjdk-amd64/jre/lib/amd64/libzip.so
7f25debde000-7f25deddd000 ---p 00008000 08:01 1065480                    /usr/lib/jvm/java-8-openjdk-amd64/jre/lib/amd64/libzip.so
7f25deddd000-7f25dedde000 r--p 00007000 08:01 1065480                    /usr/lib/jvm/java-8-openjdk-amd64/jre/lib/amd64/libzip.so
7f25dedde000-7f25deddf000 rw-p 00008000 08:01 1065480                    /usr/lib/jvm/java-8-openjdk-amd64/jre/lib/amd64/libzip.so
7f25deddf000-7f25dedea000 r-xp 00000000 08:01 920142                     /lib/x86_64-linux-gnu/libnss_files-2.23.so
7f25dedea000-7f25defe9000 ---p 0000b000 08:01 920142                     /lib/x86_64-linux-gnu/libnss_files-2.23.so
7f25defe9000-7f25defea000 r--p 0000a000 08:01 920142                     /lib/x86_64-linux-gnu/libnss_files-2.23.so
7f25defea000-7f25defeb000 rw-p 0000b000 08:01 920142                     /lib/x86_64-linux-gnu/libnss_files-2.23.so
7f25defeb000-7f25deff1000 rw-p 00000000 00:00 0 
7f25deff1000-7f25deffc000 r-xp 00000000 08:01 920152                     /lib/x86_64-linux-gnu/libnss_nis-2.23.so
7f25deffc000-7f25df1fb000 ---p 0000b000 08:01 920152                     /lib/x86_64-linux-gnu/libnss_nis-2.23.so
7f25df1fb000-7f25df1fc000 r--p 0000a000 08:01 920152                     /lib/x86_64-linux-gnu/libnss_nis-2.23.so
7f25df1fc000-7f25df1fd000 rw-p 0000b000 08:01 920152                     /lib/x86_64-linux-gnu/libnss_nis-2.23.so
7f25df1fd000-7f25df213000 r-xp 00000000 08:01 920136                     /lib/x86_64-linux-gnu/libnsl-2.23.so
7f25df213000-7f25df412000 ---p 00016000 08:01 920136                     /lib/x86_64-linux-gnu/libnsl-2.23.so
7f25df412000-7f25df413000 r--p 00015000 08:01 920136                     /lib/x86_64-linux-gnu/libnsl-2.23.so
7f25df413000-7f25df414000 rw-p 00016000 08:01 920136                     /lib/x86_64-linux-gnu/libnsl-2.23.so
7f25df414000-7f25df416000 rw-p 00000000 00:00 0 
7f25df416000-7f25df41e000 r-xp 00000000 08:01 920138                     /lib/x86_64-linux-gnu/libnss_compat-2.23.so
7f25df41e000-7f25df61d000 ---p 00008000 08:01 920138                     /lib/x86_64-linux-gnu/libnss_compat-2.23.so
7f25df61d000-7f25df61e000 r--p 00007000 08:01 920138                     /lib/x86_64-linux-gnu/libnss_compat-2.23.so
7f25df61e000-7f25df61f000 rw-p 00008000 08:01 920138                     /lib/x86_64-linux-gnu/libnss_compat-2.23.so
7f25df61f000-7f25df649000 r-xp 00000000 08:01 1065484                    /usr/lib/jvm/java-8-openjdk-amd64/jre/lib/amd64/libjava.so
7f25df649000-7f25df848000 ---p 0002a000 08:01 1065484                    /usr/lib/jvm/java-8-openjdk-amd64/jre/lib/amd64/libjava.so
7f25df848000-7f25df849000 r--p 00029000 08:01 1065484                    /usr/lib/jvm/java-8-openjdk-amd64/jre/lib/amd64/libjava.so
7f25df849000-7f25df84b000 rw-p 0002a000 08:01 1065484                    /usr/lib/jvm/java-8-openjdk-amd64/jre/lib/amd64/libjava.so
7f25df84b000-7f25df85a000 r-xp 00000000 08:01 1065497                    /usr/lib/jvm/java-8-openjdk-amd64/jre/lib/amd64/libverify.so
7f25df85a000-7f25dfa59000 ---p 0000f000 08:01 1065497                    /usr/lib/jvm/java-8-openjdk-amd64/jre/lib/amd64/libverify.so
7f25dfa59000-7f25dfa5b000 r--p 0000e000 08:01 1065497                    /usr/lib/jvm/java-8-openjdk-amd64/jre/lib/amd64/libverify.so
7f25dfa5b000-7f25dfa5c000 rw-p 00010000 08:01 1065497                    /usr/lib/jvm/java-8-openjdk-amd64/jre/lib/amd64/libverify.so
7f25dfa5c000-7f25dfa63000 r-xp 00000000 08:01 920197                     /lib/x86_64-linux-gnu/librt-2.23.so
7f25dfa63000-7f25dfc62000 ---p 00007000 08:01 920197                     /lib/x86_64-linux-gnu/librt-2.23.so
7f25dfc62000-7f25dfc63000 r--p 00006000 08:01 920197                     /lib/x86_64-linux-gnu/librt-2.23.so
7f25dfc63000-7f25dfc64000 rw-p 00007000 08:01 920197                     /lib/x86_64-linux-gnu/librt-2.23.so
7f25dfc64000-7f25dfc7a000 r-xp 00000000 08:01 920081                     /lib/x86_64-linux-gnu/libgcc_s.so.1
7f25dfc7a000-7f25dfe79000 ---p 00016000 08:01 920081                     /lib/x86_64-linux-gnu/libgcc_s.so.1
7f25dfe79000-7f25dfe7a000 rw-p 00015000 08:01 920081                     /lib/x86_64-linux-gnu/libgcc_s.so.1
7f25dfe7a000-7f25dff82000 r-xp 00000000 08:01 920113                     /lib/x86_64-linux-gnu/libm-2.23.so
7f25dff82000-7f25e0181000 ---p 00108000 08:01 920113                     /lib/x86_64-linux-gnu/libm-2.23.so
7f25e0181000-7f25e0182000 r--p 00107000 08:01 920113                     /lib/x86_64-linux-gnu/libm-2.23.so
7f25e0182000-7f25e0183000 rw-p 00108000 08:01 920113                     /lib/x86_64-linux-gnu/libm-2.23.so
7f25e0183000-7f25e02f5000 r-xp 00000000 08:01 11346                      /usr/lib/x86_64-linux-gnu/libstdc++.so.6.0.21
7f25e02f5000-7f25e04f5000 ---p 00172000 08:01 11346                      /usr/lib/x86_64-linux-gnu/libstdc++.so.6.0.21
7f25e04f5000-7f25e04ff000 r--p 00172000 08:01 11346                      /usr/lib/x86_64-linux-gnu/libstdc++.so.6.0.21
7f25e04ff000-7f25e0501000 rw-p 0017c000 08:01 11346                      /usr/lib/x86_64-linux-gnu/libstdc++.so.6.0.21
7f25e0501000-7f25e0505000 rw-p 00000000 00:00 0 
7f25e0505000-7f25e122a000 r-xp 00000000 08:01 1065499                    /usr/lib/jvm/java-8-openjdk-amd64/jre/lib/amd64/server/libjvm.so
7f25e122a000-7f25e142a000 ---p 00d25000 08:01 1065499                    /usr/lib/jvm/java-8-openjdk-amd64/jre/lib/amd64/server/libjvm.so
7f25e142a000-7f25e14c0000 r--p 00d25000 08:01 1065499                    /usr/lib/jvm/java-8-openjdk-amd64/jre/lib/amd64/server/libjvm.so
7f25e14c0000-7f25e14e9000 rw-p 00dbb000 08:01 1065499                    /usr/lib/jvm/java-8-openjdk-amd64/jre/lib/amd64/server/libjvm.so
7f25e14e9000-7f25e151c000 rw-p 00000000 00:00 0 
7f25e151c000-7f25e1534000 r-xp 00000000 08:01 920189                     /lib/x86_64-linux-gnu/libpthread-2.23.so
7f25e1534000-7f25e1733000 ---p 00018000 08:01 920189                     /lib/x86_64-linux-gnu/libpthread-2.23.so
7f25e1733000-7f25e1734000 r--p 00017000 08:01 920189                     /lib/x86_64-linux-gnu/libpthread-2.23.so
7f25e1734000-7f25e1735000 rw-p 00018000 08:01 920189                     /lib/x86_64-linux-gnu/libpthread-2.23.so
7f25e1735000-7f25e1739000 rw-p 00000000 00:00 0 
7f25e1739000-7f25e173c000 r-xp 00000000 08:01 920067                     /lib/x86_64-linux-gnu/libdl-2.23.so
7f25e173c000-7f25e193b000 ---p 00003000 08:01 920067                     /lib/x86_64-linux-gnu/libdl-2.23.so
7f25e193b000-7f25e193c000 r--p 00002000 08:01 920067                     /lib/x86_64-linux-gnu/libdl-2.23.so
7f25e193c000-7f25e193d000 rw-p 00003000 08:01 920067                     /lib/x86_64-linux-gnu/libdl-2.23.so
7f25e193d000-7f25e1956000 r-xp 00000000 08:01 920234                     /lib/x86_64-linux-gnu/libz.so.1.2.8
7f25e1956000-7f25e1b55000 ---p 00019000 08:01 920234                     /lib/x86_64-linux-gnu/libz.so.1.2.8
7f25e1b55000-7f25e1b56000 r--p 00018000 08:01 920234                     /lib/x86_64-linux-gnu/libz.so.1.2.8
7f25e1b56000-7f25e1b57000 rw-p 00019000 08:01 920234                     /lib/x86_64-linux-gnu/libz.so.1.2.8
7f25e1b57000-7f25e1d17000 r-xp 00000000 08:01 920043                     /lib/x86_64-linux-gnu/libc-2.23.so
7f25e1d17000-7f25e1f17000 ---p 001c0000 08:01 920043                     /lib/x86_64-linux-gnu/libc-2.23.so
7f25e1f17000-7f25e1f1b000 r--p 001c0000 08:01 920043                     /lib/x86_64-linux-gnu/libc-2.23.so
7f25e1f1b000-7f25e1f1d000 rw-p 001c4000 08:01 920043                     /lib/x86_64-linux-gnu/libc-2.23.so
7f25e1f1d000-7f25e1f21000 rw-p 00000000 00:00 0 
7f25e1f21000-7f25e1f2f000 r-xp 00000000 08:01 1065486                    /usr/lib/jvm/java-8-openjdk-amd64/jre/lib/amd64/jli/libjli.so
7f25e1f2f000-7f25e212e000 ---p 0000e000 08:01 1065486                    /usr/lib/jvm/java-8-openjdk-amd64/jre/lib/amd64/jli/libjli.so
7f25e212e000-7f25e212f000 r--p 0000d000 08:01 1065486                    /usr/lib/jvm/java-8-openjdk-amd64/jre/lib/amd64/jli/libjli.so
7f25e212f000-7f25e2130000 rw-p 0000e000 08:01 1065486                    /usr/lib/jvm/java-8-openjdk-amd64/jre/lib/amd64/jli/libjli.so
7f25e2130000-7f25e2156000 r-xp 00000000 08:01 920015                     /lib/x86_64-linux-gnu/ld-2.23.so
7f25e2156000-7f25e2157000 r--s 0000a000 08:01 1068292                    /home/artem/.local/lib/python2.7/site-packages/pyspark/jars/hive-cli-2.3.7.jar
7f25e2157000-7f25e2158000 r--s 00002000 08:01 1068285                    /home/artem/.local/lib/python2.7/site-packages/pyspark/jars/slf4j-log4j12-1.7.30.jar
7f25e2158000-7f25e2159000 r--s 00007000 08:01 1068283                    /home/artem/.local/lib/python2.7/site-packages/pyspark/jars/jersey-container-servlet-2.30.jar
7f25e2159000-7f25e215b000 r--s 00009000 08:01 1068279                    /home/artem/.local/lib/python2.7/site-packages/pyspark/jars/jackson-module-paranamer-2.10.0.jar
7f25e215b000-7f25e2161000 r--s 0003d000 08:01 1065524                    /usr/lib/jvm/java-8-openjdk-amd64/jre/lib/ext/sunjce_provider.jar
7f25e2161000-7f25e2163000 r--s 00001000 08:01 1065521                    /usr/lib/jvm/java-8-openjdk-amd64/jre/lib/ext/dnsns.jar
7f25e2163000-7f25e2165000 r--s 00010000 08:01 1065519                    /usr/lib/jvm/java-8-openjdk-amd64/jre/lib/ext/zipfs.jar
7f25e2165000-7f25e2168000 r--s 0000f000 08:01 1065526                    /usr/lib/jvm/java-8-openjdk-amd64/jre/lib/ext/icedtea-sound.jar
7f25e2168000-7f25e2239000 rw-p 00000000 00:00 0 
7f25e2239000-7f25e223c000 ---p 00000000 00:00 0 
7f25e223c000-7f25e233e000 rw-p 00000000 00:00 0 
7f25e233e000-7f25e233f000 r--s 0000a000 08:01 1065525                    /usr/lib/jvm/java-8-openjdk-amd64/jre/lib/ext/jaccess.jar
7f25e233f000-7f25e2343000 r--s 00040000 08:01 1065522                    /usr/lib/jvm/java-8-openjdk-amd64/jre/lib/ext/sunpkcs11.jar
7f25e2343000-7f25e2344000 r--s 0000d000 08:01 1065520                    /usr/lib/jvm/java-8-openjdk-amd64/jre/lib/ext/sunec.jar
7f25e2344000-7f25e234a000 r--s 000d3000 08:01 1065514                    /usr/lib/jvm/java-8-openjdk-amd64/jre/lib/jfr.jar
7f25e234a000-7f25e2352000 rw-s 00000000 08:01 1045563                    /tmp/hsperfdata_artem/5969
7f25e2352000-7f25e2353000 rw-p 00000000 00:00 0 
7f25e2353000-7f25e2354000 r--p 00000000 00:00 0 
7f25e2354000-7f25e2355000 rw-p 00000000 00:00 0 
7f25e2355000-7f25e2356000 r--p 00025000 08:01 920015                     /lib/x86_64-linux-gnu/ld-2.23.so
7f25e2356000-7f25e2357000 rw-p 00026000 08:01 920015                     /lib/x86_64-linux-gnu/ld-2.23.so
7f25e2357000-7f25e2358000 rw-p 00000000 00:00 0 
7ffe6050a000-7ffe6052c000 rw-p 00000000 00:00 0                          [stack]
7ffe605b4000-7ffe605b7000 r--p 00000000 00:00 0                          [vvar]
7ffe605b7000-7ffe605b9000 r-xp 00000000 00:00 0                          [vdso]
ffffffffff600000-ffffffffff601000 r-xp 00000000 00:00 0                  [vsyscall]

VM Arguments:
jvm_args: -Xmx1g 
java_command: org.apache.spark.deploy.SparkSubmit --conf spark.app.name=customers-computers-bought pyspark-shell
java_class_path (initial): /home/artem/.local/lib/python2.7/site-packages/pyspark/conf:/home/artem/.local/lib/python2.7/site-packages/pyspark/jars/jackson-module-paranamer-2.10.0.jar:/home/artem/.local/lib/python2.7/site-packages/pyspark/jars/algebra_2.12-2.0.0-M2.jar:/home/artem/.local/lib/python2.7/site-packages/pyspark/jars/apacheds-kerberos-codec-2.0.0-M15.jar:/home/artem/.local/lib/python2.7/site-packages/pyspark/jars/ST4-4.0.4.jar:/home/artem/.local/lib/python2.7/site-packages/pyspark/jars/jersey-container-servlet-2.30.jar:/home/artem/.local/lib/python2.7/site-packages/pyspark/jars/slf4j-log4j12-1.7.30.jar:/home/artem/.local/lib/python2.7/site-packages/pyspark/jars/guava-14.0.1.jar:/home/artem/.local/lib/python2.7/site-packages/pyspark/jars/api-asn1-api-1.0.0-M20.jar:/home/artem/.local/lib/python2.7/site-packages/pyspark/jars/jsr305-3.0.0.jar:/home/artem/.local/lib/python2.7/site-packages/pyspark/jars/spark-streaming_2.12-3.0.2.jar:/home/artem/.local/lib/python2.7/site-packages/pyspark/jars/commons-digester-1.8.jar:/home/artem/.local/lib/python2.7/site-packages/pyspark/jars/commons-lang3-3.9.jar:/home/artem/.local/lib/python2.7/site-packages/pyspark/jars/hive-cli-2.3.7.jar:/home/artem/.local/lib/python2.7/site-packages/pyspark/jars/xbean-asm7-shaded-4.15.jar:/home/artem/.local/lib/python2.7/site-packages/pyspark/jars/hadoop-annotations-2.7.4.jar:/home/artem/.local/lib/python2.7/site-packages/pyspark/jars/spark-mllib-local_2.12-3.0.2.jar:/home/artem/.local/lib/python2.7/site-packages/pyspark/jars/hive-shims-0.23-2.3.7.jar:/home/artem/.local/lib/python2.7/site-packages/pyspark/jars/commons-compiler-3.0.16.jar:/home/artem/.local/lib/python2.7/site-packages/pyspark/jars/aopalliance-1.0.jar:/home/artem/.local/lib/python2.7/site-packages/pyspark/jars/javax.jdo-3.2.0-m3.jar:/home/artem/.local/lib/python2.7/site-packages/pyspark/jars/hk2-locator-2.6.1.jar:/home/artem/.local/lib/python2.7/site-packages/pyspark/jars/chill_2.12-0.9.5.jar:/home/artem/.local/lib/python2.
Launcher Type: SUN_STANDARD

Environment Variables:
JAVA_HOME=/usr/lib/jvm/java-1.8.0-openjdk-amd64
PATH=/home/artem/bin:/home/artem/.local/bin:/usr/local/sbin:/usr/local/bin:/usr/sbin:/usr/bin:/sbin:/bin:/usr/games:/usr/local/games:/snap/bin:/usr/local/hadoop/hadoop-2.10.1/bin:/usr/local/hadoop/hadoop-2.10.1/sbin
SHELL=/bin/bash
DISPLAY=:0

Signal Handlers:
SIGSEGV: [libjvm.so+0xb1eb70], sa_mask[0]=11111111011111111101111111111110, sa_flags=SA_RESTART|SA_SIGINFO
SIGBUS: [libjvm.so+0xb1eb70], sa_mask[0]=11111111011111111101111111111110, sa_flags=SA_RESTART|SA_SIGINFO
SIGFPE: [libjvm.so+0x956610], sa_mask[0]=11111111011111111101111111111110, sa_flags=SA_RESTART|SA_SIGINFO
SIGPIPE: [libjvm.so+0x956610], sa_mask[0]=11111111011111111101111111111110, sa_flags=SA_RESTART|SA_SIGINFO
SIGXFSZ: [libjvm.so+0x956610], sa_mask[0]=11111111011111111101111111111110, sa_flags=SA_RESTART|SA_SIGINFO
SIGILL: [libjvm.so+0x956610], sa_mask[0]=11111111011111111101111111111110, sa_flags=SA_RESTART|SA_SIGINFO
SIGUSR1: SIG_DFL, sa_mask[0]=00000000000000000000000000000000, sa_flags=none
SIGUSR2: [libjvm.so+0x9564c0], sa_mask[0]=00000000000000000000000000000000, sa_flags=SA_RESTART|SA_SIGINFO
SIGHUP: [libjvm.so+0x956b50], sa_mask[0]=11111111011111111101111111111110, sa_flags=SA_RESTART|SA_SIGINFO
SIGINT: SIG_IGN, sa_mask[0]=00000000000000000000000000000000, sa_flags=none
SIGTERM: [libjvm.so+0x956b50], sa_mask[0]=11111111011111111101111111111110, sa_flags=SA_RESTART|SA_SIGINFO
SIGQUIT: [libjvm.so+0x956b50], sa_mask[0]=11111111011111111101111111111110, sa_flags=SA_RESTART|SA_SIGINFO


---------------  S Y S T E M  ---------------

OS:DISTRIB_ID=Ubuntu
DISTRIB_RELEASE=16.04
DISTRIB_CODENAME=xenial
DISTRIB_DESCRIPTION="Ubuntu 16.04.7 LTS"

uname:Linux 4.15.0-142-generic #146~16.04.1-Ubuntu SMP Tue Apr 13 09:27:15 UTC 2021 x86_64
libc:glibc 2.23 NPTL 2.23 
rlimit: STACK 8192k, CORE 0k, NPROC 15538, NOFILE 1048576, AS infinity
load average:0,51 0,47 0,47

/proc/meminfo:
MemTotal:        4039436 kB
MemFree:           84952 kB
MemAvailable:          0 kB
Buffers:             260 kB
Cached:            81212 kB
SwapCached:         2860 kB
Active:          3145544 kB
Inactive:         633864 kB
Active(anon):    3139956 kB
Inactive(anon):   628084 kB
Active(file):       5588 kB
Inactive(file):     5780 kB
Unevictable:          32 kB
Mlocked:              32 kB
SwapTotal:        998396 kB
SwapFree:              0 kB
Dirty:               136 kB
Writeback:            92 kB
AnonPages:       3695552 kB
Mapped:            78256 kB
Shmem:             70084 kB
Slab:              59596 kB
SReclaimable:      27256 kB
SUnreclaim:        32340 kB
KernelStack:       16368 kB
PageTables:        46996 kB
NFS_Unstable:          0 kB
Bounce:                0 kB
WritebackTmp:          0 kB
CommitLimit:     3018112 kB
Committed_AS:    8214752 kB
VmallocTotal:   34359738367 kB
VmallocUsed:           0 kB
VmallocChunk:          0 kB
HardwareCorrupted:     0 kB
AnonHugePages:         0 kB
ShmemHugePages:        0 kB
ShmemPmdMapped:        0 kB
CmaTotal:              0 kB
CmaFree:               0 kB
HugePages_Total:       0
HugePages_Free:        0
HugePages_Rsvd:        0
HugePages_Surp:        0
Hugepagesize:       2048 kB
DirectMap4k:      106432 kB
DirectMap2M:     4087808 kB

container (cgroup) information:
container_type: cgroupv1
cpu_cpuset_cpus: 0
cpu_memory_nodes: 0
active_processor_count: 1
cpu_quota: -1
cpu_period: 100000
cpu_shares: -1
memory_limit_in_bytes: -1
memory_and_swap_limit_in_bytes: -2
memory_soft_limit_in_bytes: -1
memory_usage_in_bytes: 3869106176
memory_max_usage_in_bytes: 0


CPU:total 1 (initial active 1) (1 cores per cpu, 1 threads per core) family 6 model 70 stepping 1, cmov, cx8, fxsr, mmx, sse, sse2, sse3, ssse3, sse4.1, sse4.2, popcnt, avx, avx2, aes, clmul, lzcnt, tsc, tscinvbit

/proc/cpuinfo:
processor	: 0
vendor_id	: GenuineIntel
cpu family	: 6
model		: 70
model name	: Intel(R) Core(TM) i7-4870HQ CPU @ 2.50GHz
stepping	: 1
cpu MHz		: 2494.226
cache size	: 6144 KB
physical id	: 0
siblings	: 1
core id		: 0
cpu cores	: 1
apicid		: 0
initial apicid	: 0
fpu		: yes
fpu_exception	: yes
cpuid level	: 13
wp		: yes
flags		: fpu vme de pse tsc msr pae mce cx8 apic sep mtrr pge mca cmov pat pse36 clflush mmx fxsr sse sse2 ht syscall nx rdtscp lm constant_tsc rep_good nopl xtopology nonstop_tsc cpuid tsc_known_freq pni pclmulqdq monitor ssse3 cx16 pcid sse4_1 sse4_2 x2apic movbe popcnt aes xsave avx rdrand hypervisor lahf_lm abm invpcid_single pti fsgsbase avx2 invpcid md_clear flush_l1d
bugs		: cpu_meltdown spectre_v1 spectre_v2 spec_store_bypass l1tf mds swapgs itlb_multihit srbds
bogomips	: 4988.45
clflush size	: 64
cache_alignment	: 64
address sizes	: 39 bits physical, 48 bits virtual
power management:



Memory: 4k page, physical 4039436k(84796k free), swap 998396k(0k free)

vm_info: OpenJDK 64-Bit Server VM (25.282-b08) for linux-amd64 JRE (1.8.0_282-8u282-b08-0ubuntu1~16.04-b08), built on Jan 20 2021 04:55:31 by "buildd" with gcc 5.4.0 20160609

time: Thu May  6 19:51:48 2021
timezone: MSK
elapsed time: 3.387530 seconds (0d 0h 0m 3s)

